{"meta": {"format": 3, "version": "7.14.1", "timestamp": "2026-06-05T13:26:23.163470", "branch_coverage": false, "show_contexts": false}, "files": {"src/tenable_sc_mcp/__init__.py": {"executed_lines": [3], "summary": {"covered_lines": 1, "num_statements": 1, "percent_covered": 100.0, "percent_covered_display": "100", "missing_lines": 0, "excluded_lines": 0, "percent_statements_covered": 100.0, "percent_statements_covered_display": "100"}, "missing_lines": [], "excluded_lines": [], "functions": {"": {"executed_lines": [3], "summary": {"covered_lines": 1, "num_statements": 1, "percent_covered": 100.0, "percent_covered_display": "100", "missing_lines": 0, "excluded_lines": 0, "percent_statements_covered": 100.0, "percent_statements_covered_display": "100"}, "missing_lines": [], "excluded_lines": [], "start_line": 1}}, "classes": {"": {"executed_lines": [3], "summary": {"covered_lines": 1, "num_statements": 1, "percent_covered": 100.0, "percent_covered_display": "100", "missing_lines": 0, "excluded_lines": 0, "percent_statements_covered": 100.0, "percent_statements_covered_display": "100"}, "missing_lines": [], "excluded_lines": [], "start_line": 1}}}, "src/tenable_sc_mcp/__main__.py": {"executed_lines": [], "summary": {"covered_lines": 0, "num_statements": 1, "percent_covered": 0.0, "percent_covered_display": "0", "missing_lines": 1, "excluded_lines": 2, "percent_statements_covered": 0.0, "percent_statements_covered_display": "0"}, "missing_lines": [1], "excluded_lines": [3, 4], "functions": {"": {"executed_lines": [], "summary": {"covered_lines": 0, "num_statements": 1, "percent_covered": 0.0, "percent_covered_display": "0", "missing_lines": 1, "excluded_lines": 2, "percent_statements_covered": 0.0, "percent_statements_covered_display": "0"}, "missing_lines": [1], "excluded_lines": [3, 4], "start_line": 1}}, "classes": {"": {"executed_lines": [], "summary": {"covered_lines": 0, "num_statements": 1, "percent_covered": 0.0, "percent_covered_display": "0", "missing_lines": 1, "excluded_lines": 2, "percent_statements_covered": 0.0, "percent_statements_covered_display": "0"}, "missing_lines": [1], "excluded_lines": [3, 4], "start_line": 1}}}, "src/tenable_sc_mcp/cache.py": {"executed_lines": [7, 9, 10, 11, 12, 13, 14, 15, 16, 19, 20, 23, 24, 25, 26, 27, 28, 30, 31, 33, 35, 36, 38, 39, 40, 42, 43, 45, 47, 48, 52, 67, 68, 71, 72, 74, 76, 79, 82, 83, 87, 88, 92, 93, 97, 98, 102, 103, 107, 108, 113, 120, 122, 123, 125, 134, 135, 136, 137, 139, 140, 141, 143, 145, 153, 154, 155, 157, 166, 167, 168, 169, 170, 172, 181, 182, 183, 184, 185, 187, 189, 190, 192, 194, 195, 197, 203, 204, 205, 206, 207, 210, 216, 255, 259, 276, 290, 304, 322, 331, 339, 345, 351, 352, 354, 363, 364, 365, 367, 368, 370, 378, 379, 381, 395, 409, 414, 420, 443, 468, 470, 471, 473, 474, 476, 478, 479, 480, 482, 485, 495, 499, 502, 516], "summary": {"covered_lines": 134, "num_statements": 203, "percent_covered": 66.00985221674877, "percent_covered_display": "66", "missing_lines": 69, "excluded_lines": 0, "percent_statements_covered": 66.00985221674877, "percent_statements_covered_display": "66"}, "missing_lines": [50, 54, 85, 90, 95, 100, 105, 110, 233, 234, 235, 236, 238, 239, 250, 251, 252, 253, 257, 268, 269, 270, 271, 272, 273, 274, 284, 285, 286, 287, 288, 299, 300, 301, 302, 313, 314, 315, 316, 317, 318, 319, 320, 324, 325, 326, 327, 328, 329, 333, 334, 335, 336, 390, 391, 392, 393, 404, 405, 406, 407, 411, 412, 416, 511, 512, 513, 526, 527], "excluded_lines": [], "functions": {"CacheMetrics.total_requests": {"executed_lines": [33], "summary": {"covered_lines": 1, "num_statements": 1, "percent_covered": 100.0, "percent_covered_display": "100", "missing_lines": 0, "excluded_lines": 0, "percent_statements_covered": 100.0, "percent_statements_covered_display": "100"}, "missing_lines": [], "excluded_lines": [], "start_line": 31}, "CacheMetrics.hit_rate": {"executed_lines": [38, 39, 40], "summary": {"covered_lines": 3, "num_statements": 3, "percent_covered": 100.0, "percent_covered_display": "100", "missing_lines": 0, "excluded_lines": 0, "percent_statements_covered": 100.0, "percent_statements_covered_display": "100"}, "missing_lines": [], "excluded_lines": [], "start_line": 36}, "CacheMetrics.miss_rate": {"executed_lines": [45], "summary": {"covered_lines": 1, "num_statements": 1, "percent_covered": 100.0, "percent_covered_display": "100", "missing_lines": 0, "excluded_lines": 0, "percent_statements_covered": 100.0, "percent_statements_covered_display": "100"}, "missing_lines": [], "excluded_lines": [], "start_line": 43}, "CacheMetrics.uptime_seconds": {"executed_lines": [], "summary": {"covered_lines": 0, "num_statements": 1, "percent_covered": 0.0, "percent_covered_display": "0", "missing_lines": 1, "excluded_lines": 0, "percent_statements_covered": 0.0, "percent_statements_covered_display": "0"}, "missing_lines": [50], "excluded_lines": [], "start_line": 48}, "CacheMetrics.to_dict": {"executed_lines": [], "summary": {"covered_lines": 0, "num_statements": 1, "percent_covered": 0.0, "percent_covered_display": "0", "missing_lines": 1, "excluded_lines": 0, "percent_statements_covered": 0.0, "percent_statements_covered_display": "0"}, "missing_lines": [54], "excluded_lines": [], "start_line": 52}, "CacheEntry.is_expired": {"executed_lines": [76], "summary": {"covered_lines": 1, "num_statements": 1, "percent_covered": 100.0, "percent_covered_display": "100", "missing_lines": 0, "excluded_lines": 0, "percent_statements_covered": 100.0, "percent_statements_covered_display": "100"}, "missing_lines": [], "excluded_lines": [], "start_line": 74}, "CacheBackend.get": {"executed_lines": [], "summary": {"covered_lines": 0, "num_statements": 1, "percent_covered": 0.0, "percent_covered_display": "0", "missing_lines": 1, "excluded_lines": 0, "percent_statements_covered": 0.0, "percent_statements_covered_display": "0"}, "missing_lines": [85], "excluded_lines": [], "start_line": 83}, "CacheBackend.set": {"executed_lines": [], "summary": {"covered_lines": 0, "num_statements": 1, "percent_covered": 0.0, "percent_covered_display": "0", "missing_lines": 1, "excluded_lines": 0, "percent_statements_covered": 0.0, "percent_statements_covered_display": "0"}, "missing_lines": [90], "excluded_lines": [], "start_line": 88}, "CacheBackend.delete": {"executed_lines": [], "summary": {"covered_lines": 0, "num_statements": 1, "percent_covered": 0.0, "percent_covered_display": "0", "missing_lines": 1, "excluded_lines": 0, "percent_statements_covered": 0.0, "percent_statements_covered_display": "0"}, "missing_lines": [95], "excluded_lines": [], "start_line": 93}, "CacheBackend.delete_pattern": {"executed_lines": [], "summary": {"covered_lines": 0, "num_statements": 1, "percent_covered": 0.0, "percent_covered_display": "0", "missing_lines": 1, "excluded_lines": 0, "percent_statements_covered": 0.0, "percent_statements_covered_display": "0"}, "missing_lines": [100], "excluded_lines": [], "start_line": 98}, "CacheBackend.clear": {"executed_lines": [], "summary": {"covered_lines": 0, "num_statements": 1, "percent_covered": 0.0, "percent_covered_display": "0", "missing_lines": 1, "excluded_lines": 0, "percent_statements_covered": 0.0, "percent_statements_covered_display": "0"}, "missing_lines": [105], "excluded_lines": [], "start_line": 103}, "CacheBackend.key_count": {"executed_lines": [], "summary": {"covered_lines": 0, "num_statements": 1, "percent_covered": 0.0, "percent_covered_display": "0", "missing_lines": 1, "excluded_lines": 0, "percent_statements_covered": 0.0, "percent_statements_covered_display": "0"}, "missing_lines": [110], "excluded_lines": [], "start_line": 108}, "InMemoryCache.__init__": {"executed_lines": [122, 123], "summary": {"covered_lines": 2, "num_statements": 2, "percent_covered": 100.0, "percent_covered_display": "100", "missing_lines": 0, "excluded_lines": 0, "percent_statements_covered": 100.0, "percent_statements_covered_display": "100"}, "missing_lines": [], "excluded_lines": [], "start_line": 120}, "InMemoryCache.get": {"executed_lines": [134, 135, 136, 137, 139, 140, 141, 143], "summary": {"covered_lines": 8, "num_statements": 8, "percent_covered": 100.0, "percent_covered_display": "100", "missing_lines": 0, "excluded_lines": 0, "percent_statements_covered": 100.0, "percent_statements_covered_display": "100"}, "missing_lines": [], "excluded_lines": [], "start_line": 125}, "InMemoryCache.set": {"executed_lines": [153, 154, 155], "summary": {"covered_lines": 3, "num_statements": 3, "percent_covered": 100.0, "percent_covered_display": "100", "missing_lines": 0, "excluded_lines": 0, "percent_statements_covered": 100.0, "percent_statements_covered_display": "100"}, "missing_lines": [], "excluded_lines": [], "start_line": 145}, "InMemoryCache.delete": {"executed_lines": [166, 167, 168, 169, 170], "summary": {"covered_lines": 5, "num_statements": 5, "percent_covered": 100.0, "percent_covered_display": "100", "missing_lines": 0, "excluded_lines": 0, "percent_statements_covered": 100.0, "percent_statements_covered_display": "100"}, "missing_lines": [], "excluded_lines": [], "start_line": 157}, "InMemoryCache.delete_pattern": {"executed_lines": [181, 182, 183, 184, 185], "summary": {"covered_lines": 5, "num_statements": 5, "percent_covered": 100.0, "percent_covered_display": "100", "missing_lines": 0, "excluded_lines": 0, "percent_statements_covered": 100.0, "percent_statements_covered_display": "100"}, "missing_lines": [], "excluded_lines": [], "start_line": 172}, "InMemoryCache.clear": {"executed_lines": [189, 190], "summary": {"covered_lines": 2, "num_statements": 2, "percent_covered": 100.0, "percent_covered_display": "100", "missing_lines": 0, "excluded_lines": 0, "percent_statements_covered": 100.0, "percent_statements_covered_display": "100"}, "missing_lines": [], "excluded_lines": [], "start_line": 187}, "InMemoryCache.key_count": {"executed_lines": [194, 195], "summary": {"covered_lines": 2, "num_statements": 2, "percent_covered": 100.0, "percent_covered_display": "100", "missing_lines": 0, "excluded_lines": 0, "percent_statements_covered": 100.0, "percent_statements_covered_display": "100"}, "missing_lines": [], "excluded_lines": [], "start_line": 192}, "InMemoryCache.cleanup_expired": {"executed_lines": [203, 204, 205, 206, 207], "summary": {"covered_lines": 5, "num_statements": 5, "percent_covered": 100.0, "percent_covered_display": "100", "missing_lines": 0, "excluded_lines": 0, "percent_statements_covered": 100.0, "percent_statements_covered_display": "100"}, "missing_lines": [], "excluded_lines": [], "start_line": 197}, "RedisCache.__init__": {"executed_lines": [], "summary": {"covered_lines": 0, "num_statements": 10, "percent_covered": 0.0, "percent_covered_display": "0", "missing_lines": 10, "excluded_lines": 0, "percent_statements_covered": 0.0, "percent_statements_covered_display": "0"}, "missing_lines": [233, 234, 235, 236, 238, 239, 250, 251, 252, 253], "excluded_lines": [], "start_line": 216}, "RedisCache._make_key": {"executed_lines": [], "summary": {"covered_lines": 0, "num_statements": 1, "percent_covered": 0.0, "percent_covered_display": "0", "missing_lines": 1, "excluded_lines": 0, "percent_statements_covered": 0.0, "percent_statements_covered_display": "0"}, "missing_lines": [257], "excluded_lines": [], "start_line": 255}, "RedisCache.get": {"executed_lines": [], "summary": {"covered_lines": 0, "num_statements": 7, "percent_covered": 0.0, "percent_covered_display": "0", "missing_lines": 7, "excluded_lines": 0, "percent_statements_covered": 0.0, "percent_statements_covered_display": "0"}, "missing_lines": [268, 269, 270, 271, 272, 273, 274], "excluded_lines": [], "start_line": 259}, "RedisCache.set": {"executed_lines": [], "summary": {"covered_lines": 0, "num_statements": 5, "percent_covered": 0.0, "percent_covered_display": "0", "missing_lines": 5, "excluded_lines": 0, "percent_statements_covered": 0.0, "percent_statements_covered_display": "0"}, "missing_lines": [284, 285, 286, 287, 288], "excluded_lines": [], "start_line": 276}, "RedisCache.delete": {"executed_lines": [], "summary": {"covered_lines": 0, "num_statements": 4, "percent_covered": 0.0, "percent_covered_display": "0", "missing_lines": 4, "excluded_lines": 0, "percent_statements_covered": 0.0, "percent_statements_covered_display": "0"}, "missing_lines": [299, 300, 301, 302], "excluded_lines": [], "start_line": 290}, "RedisCache.delete_pattern": {"executed_lines": [], "summary": {"covered_lines": 0, "num_statements": 8, "percent_covered": 0.0, "percent_covered_display": "0", "missing_lines": 8, "excluded_lines": 0, "percent_statements_covered": 0.0, "percent_statements_covered_display": "0"}, "missing_lines": [313, 314, 315, 316, 317, 318, 319, 320], "excluded_lines": [], "start_line": 304}, "RedisCache.clear": {"executed_lines": [], "summary": {"covered_lines": 0, "num_statements": 6, "percent_covered": 0.0, "percent_covered_display": "0", "missing_lines": 6, "excluded_lines": 0, "percent_statements_covered": 0.0, "percent_statements_covered_display": "0"}, "missing_lines": [324, 325, 326, 327, 328, 329], "excluded_lines": [], "start_line": 322}, "RedisCache.key_count": {"executed_lines": [], "summary": {"covered_lines": 0, "num_statements": 4, "percent_covered": 0.0, "percent_covered_display": "0", "missing_lines": 4, "excluded_lines": 0, "percent_statements_covered": 0.0, "percent_statements_covered_display": "0"}, "missing_lines": [333, 334, 335, 336], "excluded_lines": [], "start_line": 331}, "Cache.__init__": {"executed_lines": [351, 352], "summary": {"covered_lines": 2, "num_statements": 2, "percent_covered": 100.0, "percent_covered_display": "100", "missing_lines": 0, "excluded_lines": 0, "percent_statements_covered": 100.0, "percent_statements_covered_display": "100"}, "missing_lines": [], "excluded_lines": [], "start_line": 345}, "Cache.get": {"executed_lines": [363, 364, 365, 367, 368], "summary": {"covered_lines": 5, "num_statements": 5, "percent_covered": 100.0, "percent_covered_display": "100", "missing_lines": 0, "excluded_lines": 0, "percent_statements_covered": 100.0, "percent_statements_covered_display": "100"}, "missing_lines": [], "excluded_lines": [], "start_line": 354}, "Cache.set": {"executed_lines": [378, 379], "summary": {"covered_lines": 2, "num_statements": 2, "percent_covered": 100.0, "percent_covered_display": "100", "missing_lines": 0, "excluded_lines": 0, "percent_statements_covered": 100.0, "percent_statements_covered_display": "100"}, "missing_lines": [], "excluded_lines": [], "start_line": 370}, "Cache.delete": {"executed_lines": [], "summary": {"covered_lines": 0, "num_statements": 4, "percent_covered": 0.0, "percent_covered_display": "0", "missing_lines": 4, "excluded_lines": 0, "percent_statements_covered": 0.0, "percent_statements_covered_display": "0"}, "missing_lines": [390, 391, 392, 393], "excluded_lines": [], "start_line": 381}, "Cache.delete_pattern": {"executed_lines": [], "summary": {"covered_lines": 0, "num_statements": 4, "percent_covered": 0.0, "percent_covered_display": "0", "missing_lines": 4, "excluded_lines": 0, "percent_statements_covered": 0.0, "percent_statements_covered_display": "0"}, "missing_lines": [404, 405, 406, 407], "excluded_lines": [], "start_line": 395}, "Cache.clear": {"executed_lines": [], "summary": {"covered_lines": 0, "num_statements": 2, "percent_covered": 0.0, "percent_covered_display": "0", "missing_lines": 2, "excluded_lines": 0, "percent_statements_covered": 0.0, "percent_statements_covered_display": "0"}, "missing_lines": [411, 412], "excluded_lines": [], "start_line": 409}, "Cache.key_count": {"executed_lines": [], "summary": {"covered_lines": 0, "num_statements": 1, "percent_covered": 0.0, "percent_covered_display": "0", "missing_lines": 1, "excluded_lines": 0, "percent_statements_covered": 0.0, "percent_statements_covered_display": "0"}, "missing_lines": [416], "excluded_lines": [], "start_line": 414}, "generate_cache_key": {"executed_lines": [468, 470, 471, 473, 474, 476, 478, 479, 480, 482], "summary": {"covered_lines": 10, "num_statements": 10, "percent_covered": 100.0, "percent_covered_display": "100", "missing_lines": 0, "excluded_lines": 0, "percent_statements_covered": 100.0, "percent_statements_covered_display": "100"}, "missing_lines": [], "excluded_lines": [], "start_line": 443}, "get_ttl_for_resource": {"executed_lines": [495], "summary": {"covered_lines": 1, "num_statements": 1, "percent_covered": 100.0, "percent_covered_display": "100", "missing_lines": 0, "excluded_lines": 0, "percent_statements_covered": 100.0, "percent_statements_covered_display": "100"}, "missing_lines": [], "excluded_lines": [], "start_line": 485}, "get_cache": {"executed_lines": [], "summary": {"covered_lines": 0, "num_statements": 3, "percent_covered": 0.0, "percent_covered_display": "0", "missing_lines": 3, "excluded_lines": 0, "percent_statements_covered": 0.0, "percent_statements_covered_display": "0"}, "missing_lines": [511, 512, 513], "excluded_lines": [], "start_line": 502}, "initialize_cache": {"executed_lines": [], "summary": {"covered_lines": 0, "num_statements": 2, "percent_covered": 0.0, "percent_covered_display": "0", "missing_lines": 2, "excluded_lines": 0, "percent_statements_covered": 0.0, "percent_statements_covered_display": "0"}, "missing_lines": [526, 527], "excluded_lines": [], "start_line": 516}, "": {"executed_lines": [7, 9, 10, 11, 12, 13, 14, 15, 16, 19, 20, 23, 24, 25, 26, 27, 28, 30, 31, 35, 36, 42, 43, 47, 48, 52, 67, 68, 71, 72, 74, 79, 82, 83, 87, 88, 92, 93, 97, 98, 102, 103, 107, 108, 113, 120, 125, 145, 157, 172, 187, 192, 197, 210, 216, 255, 259, 276, 290, 304, 322, 331, 339, 345, 354, 370, 381, 395, 409, 414, 420, 443, 485, 499, 502, 516], "summary": {"covered_lines": 76, "num_statements": 76, "percent_covered": 100.0, "percent_covered_display": "100", "missing_lines": 0, "excluded_lines": 0, "percent_statements_covered": 100.0, "percent_statements_covered_display": "100"}, "missing_lines": [], "excluded_lines": [], "start_line": 1}}, "classes": {"CacheMetrics": {"executed_lines": [33, 38, 39, 40, 45], "summary": {"covered_lines": 5, "num_statements": 7, "percent_covered": 71.42857142857143, "percent_covered_display": "71", "missing_lines": 2, "excluded_lines": 0, "percent_statements_covered": 71.42857142857143, "percent_statements_covered_display": "71"}, "missing_lines": [50, 54], "excluded_lines": [], "start_line": 20}, "CacheEntry": {"executed_lines": [76], "summary": {"covered_lines": 1, "num_statements": 1, "percent_covered": 100.0, "percent_covered_display": "100", "missing_lines": 0, "excluded_lines": 0, "percent_statements_covered": 100.0, "percent_statements_covered_display": "100"}, "missing_lines": [], "excluded_lines": [], "start_line": 68}, "CacheBackend": {"executed_lines": [], "summary": {"covered_lines": 0, "num_statements": 6, "percent_covered": 0.0, "percent_covered_display": "0", "missing_lines": 6, "excluded_lines": 0, "percent_statements_covered": 0.0, "percent_statements_covered_display": "0"}, "missing_lines": [85, 90, 95, 100, 105, 110], "excluded_lines": [], "start_line": 79}, "InMemoryCache": {"executed_lines": [122, 123, 134, 135, 136, 137, 139, 140, 141, 143, 153, 154, 155, 166, 167, 168, 169, 170, 181, 182, 183, 184, 185, 189, 190, 194, 195, 203, 204, 205, 206, 207], "summary": {"covered_lines": 32, "num_statements": 32, "percent_covered": 100.0, "percent_covered_display": "100", "missing_lines": 0, "excluded_lines": 0, "percent_statements_covered": 100.0, "percent_statements_covered_display": "100"}, "missing_lines": [], "excluded_lines": [], "start_line": 113}, "RedisCache": {"executed_lines": [], "summary": {"covered_lines": 0, "num_statements": 45, "percent_covered": 0.0, "percent_covered_display": "0", "missing_lines": 45, "excluded_lines": 0, "percent_statements_covered": 0.0, "percent_statements_covered_display": "0"}, "missing_lines": [233, 234, 235, 236, 238, 239, 250, 251, 252, 253, 257, 268, 269, 270, 271, 272, 273, 274, 284, 285, 286, 287, 288, 299, 300, 301, 302, 313, 314, 315, 316, 317, 318, 319, 320, 324, 325, 326, 327, 328, 329, 333, 334, 335, 336], "excluded_lines": [], "start_line": 210}, "Cache": {"executed_lines": [351, 352, 363, 364, 365, 367, 368, 378, 379], "summary": {"covered_lines": 9, "num_statements": 20, "percent_covered": 45.0, "percent_covered_display": "45", "missing_lines": 11, "excluded_lines": 0, "percent_statements_covered": 45.0, "percent_statements_covered_display": "45"}, "missing_lines": [390, 391, 392, 393, 404, 405, 406, 407, 411, 412, 416], "excluded_lines": [], "start_line": 339}, "": {"executed_lines": [7, 9, 10, 11, 12, 13, 14, 15, 16, 19, 20, 23, 24, 25, 26, 27, 28, 30, 31, 35, 36, 42, 43, 47, 48, 52, 67, 68, 71, 72, 74, 79, 82, 83, 87, 88, 92, 93, 97, 98, 102, 103, 107, 108, 113, 120, 125, 145, 157, 172, 187, 192, 197, 210, 216, 255, 259, 276, 290, 304, 322, 331, 339, 345, 354, 370, 381, 395, 409, 414, 420, 443, 468, 470, 471, 473, 474, 476, 478, 479, 480, 482, 485, 495, 499, 502, 516], "summary": {"covered_lines": 87, "num_statements": 92, "percent_covered": 94.56521739130434, "percent_covered_display": "95", "missing_lines": 5, "excluded_lines": 0, "percent_statements_covered": 94.56521739130434, "percent_statements_covered_display": "95"}, "missing_lines": [511, 512, 513, 526, 527], "excluded_lines": [], "start_line": 1}}}, "src/tenable_sc_mcp/catalog.py": {"executed_lines": [1, 3, 6, 9, 10, 11, 12, 13, 14, 15, 18, 19, 24, 112, 115, 116], "summary": {"covered_lines": 16, "num_statements": 16, "percent_covered": 100.0, "percent_covered_display": "100", "missing_lines": 0, "excluded_lines": 0, "percent_statements_covered": 100.0, "percent_statements_covered_display": "100"}, "missing_lines": [], "excluded_lines": [], "functions": {"_doc": {"executed_lines": [19], "summary": {"covered_lines": 1, "num_statements": 1, "percent_covered": 100.0, "percent_covered_display": "100", "missing_lines": 0, "excluded_lines": 0, "percent_statements_covered": 100.0, "percent_statements_covered_display": "100"}, "missing_lines": [], "excluded_lines": [], "start_line": 18}, "catalog_as_dict": {"executed_lines": [116], "summary": {"covered_lines": 1, "num_statements": 1, "percent_covered": 100.0, "percent_covered_display": "100", "missing_lines": 0, "excluded_lines": 0, "percent_statements_covered": 100.0, "percent_statements_covered_display": "100"}, "missing_lines": [], "excluded_lines": [], "start_line": 115}, "": {"executed_lines": [1, 3, 6, 9, 10, 11, 12, 13, 14, 15, 18, 24, 112, 115], "summary": {"covered_lines": 14, "num_statements": 14, "percent_covered": 100.0, "percent_covered_display": "100", "missing_lines": 0, "excluded_lines": 0, "percent_statements_covered": 100.0, "percent_statements_covered_display": "100"}, "missing_lines": [], "excluded_lines": [], "start_line": 1}}, "classes": {"ApiResource": {"executed_lines": [], "summary": {"covered_lines": 0, "num_statements": 0, "percent_covered": 100.0, "percent_covered_display": "100", "missing_lines": 0, "excluded_lines": 0, "percent_statements_covered": 100.0, "percent_statements_covered_display": "100"}, "missing_lines": [], "excluded_lines": [], "start_line": 10}, "": {"executed_lines": [1, 3, 6, 9, 10, 11, 12, 13, 14, 15, 18, 19, 24, 112, 115, 116], "summary": {"covered_lines": 16, "num_statements": 16, "percent_covered": 100.0, "percent_covered_display": "100", "missing_lines": 0, "excluded_lines": 0, "percent_statements_covered": 100.0, "percent_statements_covered_display": "100"}, "missing_lines": [], "excluded_lines": [], "start_line": 1}}}, "src/tenable_sc_mcp/client.py": {"executed_lines": [1, 3, 4, 5, 6, 7, 8, 10, 13, 14, 17, 18, 24, 25, 26, 27, 28, 29, 30, 31, 32, 34, 35, 36, 37, 38, 39, 41, 42, 65, 66, 72, 73, 139, 140, 149, 150, 157, 177, 194, 216, 250, 292, 293], "summary": {"covered_lines": 44, "num_statements": 174, "percent_covered": 25.28735632183908, "percent_covered_display": "25", "missing_lines": 130, "excluded_lines": 0, "percent_statements_covered": 25.28735632183908, "percent_statements_covered_display": "25"}, "missing_lines": [19, 20, 21, 43, 44, 45, 46, 47, 49, 50, 51, 52, 53, 54, 55, 56, 57, 58, 59, 60, 61, 62, 63, 67, 68, 69, 70, 74, 76, 77, 79, 80, 81, 82, 83, 84, 85, 88, 89, 90, 91, 92, 93, 95, 96, 97, 98, 99, 100, 101, 103, 112, 113, 114, 115, 119, 120, 122, 147, 151, 166, 167, 168, 170, 171, 172, 174, 175, 178, 180, 181, 183, 185, 186, 192, 203, 204, 205, 207, 208, 209, 211, 212, 213, 214, 225, 226, 227, 229, 230, 231, 232, 233, 234, 235, 237, 238, 239, 240, 248, 262, 263, 264, 265, 266, 275, 276, 277, 278, 279, 280, 281, 282, 283, 284, 285, 286, 288, 289, 290, 294, 295, 296, 297, 298, 299, 300, 301, 302, 303], "excluded_lines": [], "functions": {"TenableScApiError.__init__": {"executed_lines": [], "summary": {"covered_lines": 0, "num_statements": 3, "percent_covered": 0.0, "percent_covered_display": "0", "missing_lines": 3, "excluded_lines": 0, "percent_statements_covered": 0.0, "percent_statements_covered_display": "0"}, "missing_lines": [19, 20, 21], "excluded_lines": [], "start_line": 18}, "TenableScConfig._read_env_file": {"executed_lines": [], "summary": {"covered_lines": 0, "num_statements": 20, "percent_covered": 0.0, "percent_covered_display": "0", "missing_lines": 20, "excluded_lines": 0, "percent_statements_covered": 0.0, "percent_statements_covered_display": "0"}, "missing_lines": [43, 44, 45, 46, 47, 49, 50, 51, 52, 53, 54, 55, 56, 57, 58, 59, 60, 61, 62, 63], "excluded_lines": [], "start_line": 42}, "TenableScConfig._pick": {"executed_lines": [], "summary": {"covered_lines": 0, "num_statements": 4, "percent_covered": 0.0, "percent_covered_display": "0", "missing_lines": 4, "excluded_lines": 0, "percent_statements_covered": 0.0, "percent_statements_covered_display": "0"}, "missing_lines": [67, 68, 69, 70], "excluded_lines": [], "start_line": 66}, "TenableScConfig.from_env": {"executed_lines": [], "summary": {"covered_lines": 0, "num_statements": 30, "percent_covered": 0.0, "percent_covered_display": "0", "missing_lines": 30, "excluded_lines": 0, "percent_statements_covered": 0.0, "percent_statements_covered_display": "0"}, "missing_lines": [74, 76, 79, 80, 81, 82, 83, 84, 85, 88, 89, 90, 91, 92, 93, 95, 96, 97, 98, 99, 100, 101, 103, 112, 113, 114, 115, 119, 120, 122], "excluded_lines": [], "start_line": 73}, "TenableScConfig.from_env.prefixed": {"executed_lines": [], "summary": {"covered_lines": 0, "num_statements": 1, "percent_covered": 0.0, "percent_covered_display": "0", "missing_lines": 1, "excluded_lines": 0, "percent_statements_covered": 0.0, "percent_statements_covered_display": "0"}, "missing_lines": [77], "excluded_lines": [], "start_line": 76}, "TenableScClient.__init__": {"executed_lines": [], "summary": {"covered_lines": 0, "num_statements": 1, "percent_covered": 0.0, "percent_covered_display": "0", "missing_lines": 1, "excluded_lines": 0, "percent_statements_covered": 0.0, "percent_statements_covered_display": "0"}, "missing_lines": [147], "excluded_lines": [], "start_line": 140}, "TenableScClient.headers": {"executed_lines": [], "summary": {"covered_lines": 0, "num_statements": 1, "percent_covered": 0.0, "percent_covered_display": "0", "missing_lines": 1, "excluded_lines": 0, "percent_statements_covered": 0.0, "percent_statements_covered_display": "0"}, "missing_lines": [151], "excluded_lines": [], "start_line": 150}, "TenableScClient.request": {"executed_lines": [], "summary": {"covered_lines": 0, "num_statements": 8, "percent_covered": 0.0, "percent_covered_display": "0", "missing_lines": 8, "excluded_lines": 0, "percent_statements_covered": 0.0, "percent_statements_covered_display": "0"}, "missing_lines": [166, 167, 168, 170, 171, 172, 174, 175], "excluded_lines": [], "start_line": 157}, "TenableScClient._parse_response": {"executed_lines": [], "summary": {"covered_lines": 0, "num_statements": 7, "percent_covered": 0.0, "percent_covered_display": "0", "missing_lines": 7, "excluded_lines": 0, "percent_statements_covered": 0.0, "percent_statements_covered_display": "0"}, "missing_lines": [178, 180, 181, 183, 185, 186, 192], "excluded_lines": [], "start_line": 177}, "TenableScClient.download": {"executed_lines": [], "summary": {"covered_lines": 0, "num_statements": 10, "percent_covered": 0.0, "percent_covered_display": "0", "missing_lines": 10, "excluded_lines": 0, "percent_statements_covered": 0.0, "percent_statements_covered_display": "0"}, "missing_lines": [203, 204, 205, 207, 208, 209, 211, 212, 213, 214], "excluded_lines": [], "start_line": 194}, "TenableScClient.upload_file": {"executed_lines": [], "summary": {"covered_lines": 0, "num_statements": 15, "percent_covered": 0.0, "percent_covered_display": "0", "missing_lines": 15, "excluded_lines": 0, "percent_statements_covered": 0.0, "percent_statements_covered_display": "0"}, "missing_lines": [225, 226, 227, 229, 230, 231, 232, 233, 234, 235, 237, 238, 239, 240, 248], "excluded_lines": [], "start_line": 216}, "TenableScClient._request_with_retries": {"executed_lines": [], "summary": {"covered_lines": 0, "num_statements": 20, "percent_covered": 0.0, "percent_covered_display": "0", "missing_lines": 20, "excluded_lines": 0, "percent_statements_covered": 0.0, "percent_statements_covered_display": "0"}, "missing_lines": [262, 263, 264, 265, 266, 275, 276, 277, 278, 279, 280, 281, 282, 283, 284, 285, 286, 288, 289, 290], "excluded_lines": [], "start_line": 250}, "TenableScClient._normalize_path": {"executed_lines": [], "summary": {"covered_lines": 0, "num_statements": 10, "percent_covered": 0.0, "percent_covered_display": "0", "missing_lines": 10, "excluded_lines": 0, "percent_statements_covered": 0.0, "percent_statements_covered_display": "0"}, "missing_lines": [294, 295, 296, 297, 298, 299, 300, 301, 302, 303], "excluded_lines": [], "start_line": 293}, "": {"executed_lines": [1, 3, 4, 5, 6, 7, 8, 10, 13, 14, 17, 18, 24, 25, 26, 27, 28, 29, 30, 31, 32, 34, 35, 36, 37, 38, 39, 41, 42, 65, 66, 72, 73, 139, 140, 149, 150, 157, 177, 194, 216, 250, 292, 293], "summary": {"covered_lines": 44, "num_statements": 44, "percent_covered": 100.0, "percent_covered_display": "100", "missing_lines": 0, "excluded_lines": 0, "percent_statements_covered": 100.0, "percent_statements_covered_display": "100"}, "missing_lines": [], "excluded_lines": [], "start_line": 1}}, "classes": {"TenableScConfigError": {"executed_lines": [], "summary": {"covered_lines": 0, "num_statements": 0, "percent_covered": 100.0, "percent_covered_display": "100", "missing_lines": 0, "excluded_lines": 0, "percent_statements_covered": 100.0, "percent_statements_covered_display": "100"}, "missing_lines": [], "excluded_lines": [], "start_line": 13}, "TenableScApiError": {"executed_lines": [], "summary": {"covered_lines": 0, "num_statements": 3, "percent_covered": 0.0, "percent_covered_display": "0", "missing_lines": 3, "excluded_lines": 0, "percent_statements_covered": 0.0, "percent_statements_covered_display": "0"}, "missing_lines": [19, 20, 21], "excluded_lines": [], "start_line": 17}, "TenableScConfig": {"executed_lines": [], "summary": {"covered_lines": 0, "num_statements": 55, "percent_covered": 0.0, "percent_covered_display": "0", "missing_lines": 55, "excluded_lines": 0, "percent_statements_covered": 0.0, "percent_statements_covered_display": "0"}, "missing_lines": [43, 44, 45, 46, 47, 49, 50, 51, 52, 53, 54, 55, 56, 57, 58, 59, 60, 61, 62, 63, 67, 68, 69, 70, 74, 76, 77, 79, 80, 81, 82, 83, 84, 85, 88, 89, 90, 91, 92, 93, 95, 96, 97, 98, 99, 100, 101, 103, 112, 113, 114, 115, 119, 120, 122], "excluded_lines": [], "start_line": 25}, "TenableScClient": {"executed_lines": [], "summary": {"covered_lines": 0, "num_statements": 72, "percent_covered": 0.0, "percent_covered_display": "0", "missing_lines": 72, "excluded_lines": 0, "percent_statements_covered": 0.0, "percent_statements_covered_display": "0"}, "missing_lines": [147, 151, 166, 167, 168, 170, 171, 172, 174, 175, 178, 180, 181, 183, 185, 186, 192, 203, 204, 205, 207, 208, 209, 211, 212, 213, 214, 225, 226, 227, 229, 230, 231, 232, 233, 234, 235, 237, 238, 239, 240, 248, 262, 263, 264, 265, 266, 275, 276, 277, 278, 279, 280, 281, 282, 283, 284, 285, 286, 288, 289, 290, 294, 295, 296, 297, 298, 299, 300, 301, 302, 303], "excluded_lines": [], "start_line": 139}, "": {"executed_lines": [1, 3, 4, 5, 6, 7, 8, 10, 13, 14, 17, 18, 24, 25, 26, 27, 28, 29, 30, 31, 32, 34, 35, 36, 37, 38, 39, 41, 42, 65, 66, 72, 73, 139, 140, 149, 150, 157, 177, 194, 216, 250, 292, 293], "summary": {"covered_lines": 44, "num_statements": 44, "percent_covered": 100.0, "percent_covered_display": "100", "missing_lines": 0, "excluded_lines": 0, "percent_statements_covered": 100.0, "percent_statements_covered_display": "100"}, "missing_lines": [], "excluded_lines": [], "start_line": 1}}}, "src/tenable_sc_mcp/server.py": {"executed_lines": [1, 3, 4, 5, 7, 8, 10, 11, 12, 23, 24, 25, 27, 37, 41, 46, 75, 84, 90, 91, 92, 93, 94, 95, 96, 97, 100, 108, 109, 110, 111, 112, 114, 115, 117, 118, 119, 120, 121, 122, 124, 127, 128, 176, 177, 256, 257, 296, 297, 315, 316, 336, 337, 342, 343, 348, 349, 354, 355, 360, 361, 363, 364, 365, 366, 382, 383, 392, 393, 429, 430, 451, 452, 468, 469, 505, 506, 514], "summary": {"covered_lines": 78, "num_statements": 233, "percent_covered": 33.47639484978541, "percent_covered_display": "33", "missing_lines": 155, "excluded_lines": 2, "percent_statements_covered": 33.47639484978541, "percent_statements_covered_display": "33"}, "missing_lines": [38, 43, 50, 52, 53, 54, 56, 57, 58, 64, 65, 66, 67, 68, 69, 71, 72, 78, 79, 81, 101, 102, 103, 104, 105, 113, 116, 123, 136, 137, 138, 147, 148, 149, 152, 153, 154, 155, 156, 157, 162, 163, 164, 165, 167, 170, 171, 173, 192, 193, 194, 196, 197, 211, 212, 213, 215, 216, 223, 224, 225, 226, 227, 228, 229, 230, 231, 232, 233, 238, 241, 242, 243, 244, 247, 248, 249, 251, 252, 253, 268, 269, 270, 271, 272, 273, 281, 282, 283, 284, 285, 286, 287, 288, 289, 290, 291, 292, 293, 305, 325, 339, 345, 351, 357, 367, 368, 369, 389, 402, 403, 410, 411, 412, 417, 425, 426, 438, 439, 446, 447, 448, 454, 455, 456, 458, 459, 484, 485, 486, 488, 489, 490, 497, 498, 508, 509, 510, 511, 515, 516, 517, 518, 519, 524, 529, 534, 535, 538, 539, 541, 542, 543, 544, 545], "excluded_lines": [548, 549], "functions": {"_client": {"executed_lines": [], "summary": {"covered_lines": 0, "num_statements": 1, "percent_covered": 0.0, "percent_covered_display": "0", "missing_lines": 1, "excluded_lines": 0, "percent_statements_covered": 0.0, "percent_statements_covered_display": "0"}, "missing_lines": [38], "excluded_lines": [], "start_line": 37}, "_get_cache": {"executed_lines": [], "summary": {"covered_lines": 0, "num_statements": 1, "percent_covered": 0.0, "percent_covered_display": "0", "missing_lines": 1, "excluded_lines": 0, "percent_statements_covered": 0.0, "percent_statements_covered_display": "0"}, "missing_lines": [43], "excluded_lines": [], "start_line": 41}, "_init_cache": {"executed_lines": [], "summary": {"covered_lines": 0, "num_statements": 15, "percent_covered": 0.0, "percent_covered_display": "0", "missing_lines": 15, "excluded_lines": 0, "percent_statements_covered": 0.0, "percent_statements_covered_display": "0"}, "missing_lines": [50, 52, 53, 54, 56, 57, 58, 64, 65, 66, 67, 68, 69, 71, 72], "excluded_lines": [], "start_line": 46}, "configure_client_env": {"executed_lines": [], "summary": {"covered_lines": 0, "num_statements": 3, "percent_covered": 0.0, "percent_covered_display": "0", "missing_lines": 3, "excluded_lines": 0, "percent_statements_covered": 0.0, "percent_statements_covered_display": "0"}, "missing_lines": [78, 79, 81], "excluded_lines": [], "start_line": 75}, "_query_params": {"executed_lines": [90, 91, 92, 93, 94, 95, 96, 97], "summary": {"covered_lines": 8, "num_statements": 8, "percent_covered": 100.0, "percent_covered_display": "100", "missing_lines": 0, "excluded_lines": 0, "percent_statements_covered": 100.0, "percent_statements_covered_display": "100"}, "missing_lines": [], "excluded_lines": [], "start_line": 84}, "_handle_error": {"executed_lines": [], "summary": {"covered_lines": 0, "num_statements": 5, "percent_covered": 0.0, "percent_covered_display": "0", "missing_lines": 5, "excluded_lines": 0, "percent_statements_covered": 0.0, "percent_statements_covered_display": "0"}, "missing_lines": [101, 102, 103, 104, 105], "excluded_lines": [], "start_line": 100}, "_select_response_path": {"executed_lines": [109, 110, 111, 112, 114, 115, 117, 118, 119, 120, 121, 122, 124], "summary": {"covered_lines": 13, "num_statements": 16, "percent_covered": 81.25, "percent_covered_display": "81", "missing_lines": 3, "excluded_lines": 0, "percent_statements_covered": 81.25, "percent_statements_covered_display": "81"}, "missing_lines": [113, 116, 123], "excluded_lines": [], "start_line": 108}, "tsc_catalog": {"executed_lines": [], "summary": {"covered_lines": 0, "num_statements": 20, "percent_covered": 0.0, "percent_covered_display": "0", "missing_lines": 20, "excluded_lines": 0, "percent_statements_covered": 0.0, "percent_statements_covered_display": "0"}, "missing_lines": [136, 137, 138, 147, 148, 149, 152, 153, 154, 155, 156, 157, 162, 163, 164, 165, 167, 170, 171, 173], "excluded_lines": [], "start_line": 128}, "tsc_request": {"executed_lines": [], "summary": {"covered_lines": 0, "num_statements": 32, "percent_covered": 0.0, "percent_covered_display": "0", "missing_lines": 32, "excluded_lines": 0, "percent_statements_covered": 0.0, "percent_statements_covered_display": "0"}, "missing_lines": [192, 193, 194, 196, 197, 211, 212, 213, 215, 216, 223, 224, 225, 226, 227, 228, 229, 230, 231, 232, 233, 238, 241, 242, 243, 244, 247, 248, 249, 251, 252, 253], "excluded_lines": [], "start_line": 177}, "tsc_resource_action": {"executed_lines": [], "summary": {"covered_lines": 0, "num_statements": 19, "percent_covered": 0.0, "percent_covered_display": "0", "missing_lines": 19, "excluded_lines": 0, "percent_statements_covered": 0.0, "percent_statements_covered_display": "0"}, "missing_lines": [268, 269, 270, 271, 272, 273, 281, 282, 283, 284, 285, 286, 287, 288, 289, 290, 291, 292, 293], "excluded_lines": [], "start_line": 257}, "tsc_list": {"executed_lines": [], "summary": {"covered_lines": 0, "num_statements": 1, "percent_covered": 0.0, "percent_covered_display": "0", "missing_lines": 1, "excluded_lines": 0, "percent_statements_covered": 0.0, "percent_statements_covered_display": "0"}, "missing_lines": [305], "excluded_lines": [], "start_line": 297}, "tsc_get": {"executed_lines": [], "summary": {"covered_lines": 0, "num_statements": 1, "percent_covered": 0.0, "percent_covered_display": "0", "missing_lines": 1, "excluded_lines": 0, "percent_statements_covered": 0.0, "percent_statements_covered_display": "0"}, "missing_lines": [325], "excluded_lines": [], "start_line": 316}, "tsc_create": {"executed_lines": [], "summary": {"covered_lines": 0, "num_statements": 1, "percent_covered": 0.0, "percent_covered_display": "0", "missing_lines": 1, "excluded_lines": 0, "percent_statements_covered": 0.0, "percent_statements_covered_display": "0"}, "missing_lines": [339], "excluded_lines": [], "start_line": 337}, "tsc_update": {"executed_lines": [], "summary": {"covered_lines": 0, "num_statements": 1, "percent_covered": 0.0, "percent_covered_display": "0", "missing_lines": 1, "excluded_lines": 0, "percent_statements_covered": 0.0, "percent_statements_covered_display": "0"}, "missing_lines": [345], "excluded_lines": [], "start_line": 343}, "tsc_delete": {"executed_lines": [], "summary": {"covered_lines": 0, "num_statements": 1, "percent_covered": 0.0, "percent_covered_display": "0", "missing_lines": 1, "excluded_lines": 0, "percent_statements_covered": 0.0, "percent_statements_covered_display": "0"}, "missing_lines": [351], "excluded_lines": [], "start_line": 349}, "tsc_current_user": {"executed_lines": [], "summary": {"covered_lines": 0, "num_statements": 1, "percent_covered": 0.0, "percent_covered_display": "0", "missing_lines": 1, "excluded_lines": 0, "percent_statements_covered": 0.0, "percent_statements_covered_display": "0"}, "missing_lines": [357], "excluded_lines": [], "start_line": 355}, "tsc_resource_docs": {"executed_lines": [363, 364, 365, 366], "summary": {"covered_lines": 4, "num_statements": 7, "percent_covered": 57.142857142857146, "percent_covered_display": "57", "missing_lines": 3, "excluded_lines": 0, "percent_statements_covered": 57.142857142857146, "percent_statements_covered_display": "57"}, "missing_lines": [367, 368, 369], "excluded_lines": [], "start_line": 361}, "tsc_analyze": {"executed_lines": [], "summary": {"covered_lines": 0, "num_statements": 1, "percent_covered": 0.0, "percent_covered_display": "0", "missing_lines": 1, "excluded_lines": 0, "percent_statements_covered": 0.0, "percent_statements_covered_display": "0"}, "missing_lines": [389], "excluded_lines": [], "start_line": 383}, "tsc_download": {"executed_lines": [], "summary": {"covered_lines": 0, "num_statements": 8, "percent_covered": 0.0, "percent_covered_display": "0", "missing_lines": 8, "excluded_lines": 0, "percent_statements_covered": 0.0, "percent_statements_covered_display": "0"}, "missing_lines": [402, 403, 410, 411, 412, 417, 425, 426], "excluded_lines": [], "start_line": 393}, "tsc_upload_file": {"executed_lines": [], "summary": {"covered_lines": 0, "num_statements": 5, "percent_covered": 0.0, "percent_covered_display": "0", "missing_lines": 5, "excluded_lines": 0, "percent_statements_covered": 0.0, "percent_statements_covered_display": "0"}, "missing_lines": [438, 439, 446, 447, 448], "excluded_lines": [], "start_line": 430}, "tsc_cache_stats": {"executed_lines": [], "summary": {"covered_lines": 0, "num_statements": 5, "percent_covered": 0.0, "percent_covered_display": "0", "missing_lines": 5, "excluded_lines": 0, "percent_statements_covered": 0.0, "percent_statements_covered_display": "0"}, "missing_lines": [454, 455, 456, 458, 459], "excluded_lines": [], "start_line": 452}, "tsc_cache_clear": {"executed_lines": [], "summary": {"covered_lines": 0, "num_statements": 8, "percent_covered": 0.0, "percent_covered_display": "0", "missing_lines": 8, "excluded_lines": 0, "percent_statements_covered": 0.0, "percent_statements_covered_display": "0"}, "missing_lines": [484, 485, 486, 488, 489, 490, 497, 498], "excluded_lines": [], "start_line": 469}, "catalog_resource": {"executed_lines": [], "summary": {"covered_lines": 0, "num_statements": 4, "percent_covered": 0.0, "percent_covered_display": "0", "missing_lines": 4, "excluded_lines": 0, "percent_statements_covered": 0.0, "percent_statements_covered_display": "0"}, "missing_lines": [508, 509, 510, 511], "excluded_lines": [], "start_line": 506}, "main": {"executed_lines": [], "summary": {"covered_lines": 0, "num_statements": 16, "percent_covered": 0.0, "percent_covered_display": "0", "missing_lines": 16, "excluded_lines": 0, "percent_statements_covered": 0.0, "percent_statements_covered_display": "0"}, "missing_lines": [515, 516, 517, 518, 519, 524, 529, 534, 535, 538, 539, 541, 542, 543, 544, 545], "excluded_lines": [], "start_line": 514}, "": {"executed_lines": [1, 3, 4, 5, 7, 8, 10, 11, 12, 23, 24, 25, 27, 37, 41, 46, 75, 84, 100, 108, 127, 128, 176, 177, 256, 257, 296, 297, 315, 316, 336, 337, 342, 343, 348, 349, 354, 355, 360, 361, 382, 383, 392, 393, 429, 430, 451, 452, 468, 469, 505, 506, 514], "summary": {"covered_lines": 53, "num_statements": 53, "percent_covered": 100.0, "percent_covered_display": "100", "missing_lines": 0, "excluded_lines": 2, "percent_statements_covered": 100.0, "percent_statements_covered_display": "100"}, "missing_lines": [], "excluded_lines": [548, 549], "start_line": 1}}, "classes": {"": {"executed_lines": [1, 3, 4, 5, 7, 8, 10, 11, 12, 23, 24, 25, 27, 37, 41, 46, 75, 84, 90, 91, 92, 93, 94, 95, 96, 97, 100, 108, 109, 110, 111, 112, 114, 115, 117, 118, 119, 120, 121, 122, 124, 127, 128, 176, 177, 256, 257, 296, 297, 315, 316, 336, 337, 342, 343, 348, 349, 354, 355, 360, 361, 363, 364, 365, 366, 382, 383, 392, 393, 429, 430, 451, 452, 468, 469, 505, 506, 514], "summary": {"covered_lines": 78, "num_statements": 233, "percent_covered": 33.47639484978541, "percent_covered_display": "33", "missing_lines": 155, "excluded_lines": 2, "percent_statements_covered": 33.47639484978541, "percent_statements_covered_display": "33"}, "missing_lines": [38, 43, 50, 52, 53, 54, 56, 57, 58, 64, 65, 66, 67, 68, 69, 71, 72, 78, 79, 81, 101, 102, 103, 104, 105, 113, 116, 123, 136, 137, 138, 147, 148, 149, 152, 153, 154, 155, 156, 157, 162, 163, 164, 165, 167, 170, 171, 173, 192, 193, 194, 196, 197, 211, 212, 213, 215, 216, 223, 224, 225, 226, 227, 228, 229, 230, 231, 232, 233, 238, 241, 242, 243, 244, 247, 248, 249, 251, 252, 253, 268, 269, 270, 271, 272, 273, 281, 282, 283, 284, 285, 286, 287, 288, 289, 290, 291, 292, 293, 305, 325, 339, 345, 351, 357, 367, 368, 369, 389, 402, 403, 410, 411, 412, 417, 425, 426, 438, 439, 446, 447, 448, 454, 455, 456, 458, 459, 484, 485, 486, 488, 489, 490, 497, 498, 508, 509, 510, 511, 515, 516, 517, 518, 519, 524, 529, 534, 535, 538, 539, 541, 542, 543, 544, 545], "excluded_lines": [548, 549], "start_line": 1}}}}, "totals": {"covered_lines": 273, "num_statements": 628, "percent_covered": 43.47133757961783, "percent_covered_display": "43", "missing_lines": 355, "excluded_lines": 4, "percent_statements_covered": 43.47133757961783, "percent_statements_covered_display": "43"}}